<?xml version="1.0" encoding="UTF-8"?>
<!-- Generated by org.testng.reporters.JUnitReportReporter -->
<testsuite hostname="ZIL948" failures="0" tests="1" name="Main.implicitWait" time="4.349" errors="0" timestamp="2024-06-06T17:06:19 IST" skipped="0">
  <testcase classname="Main.implicitWait" name="step1" time="4.349"/>
  <system-out/>
</testsuite> <!-- Main.implicitWait -->
