<?xml version="1.0" encoding="UTF-8"?>
<!-- Generated by org.testng.reporters.JUnitReportReporter -->
<testsuite hostname="ZIL948" failures="0" tests="1" name="Main.JavaPracties" time="0.008" errors="0" timestamp="2024-06-04T18:07:00 IST" skipped="0">
  <testcase classname="Main.JavaPracties" name="test1" time="0.008"/>
  <system-out/>
</testsuite> <!-- Main.JavaPracties -->
