<?xml version="1.0" encoding="UTF-8"?>
<!-- Generated by org.testng.reporters.JUnitReportReporter -->
<testsuite hostname="ZIL948" failures="0" tests="1" name="Main.PDFReaderTest" time="2.393" errors="0" timestamp="2024-06-19T22:27:03 IST" skipped="0">
  <testcase classname="Main.PDFReaderTest" name="PDFRead" time="2.393"/>
  <system-out/>
</testsuite> <!-- Main.PDFReaderTest -->
