<?xml version="1.0" encoding="UTF-8"?>
<!-- Generated by org.testng.reporters.JUnitReportReporter -->
<testsuite hostname="ZIL948" failures="0" tests="2" name="Assignment.Demo1" time="6.116" errors="0" timestamp="2024-07-23T10:12:11 IST" skipped="0">
  <testcase classname="Assignment.Demo1" name="step2" time="2.265"/>
  <system-out/>
  <testcase classname="Assignment.Demo1" name="step1" time="3.851"/>
  <system-out/>
</testsuite> <!-- Assignment.Demo1 -->
