<?xml version="1.0" encoding="UTF-8"?>
<!-- Generated by org.testng.reporters.JUnitReportReporter -->
<testsuite hostname="ZIL948" failures="0" tests="1" name="Appium.youtubeEmultaor" time="4.676" errors="0" timestamp="2024-09-30T19:42:07 IST" skipped="0">
  <testcase classname="Appium.youtubeEmultaor" name="run" time="4.676"/>
  <system-out/>
</testsuite> <!-- Appium.youtubeEmultaor -->
