<?xml version="1.0" encoding="UTF-8"?>
<!-- Generated by org.testng.reporters.JUnitReportReporter -->
<testsuite hostname="ZIL948" failures="0" tests="1" name="Appium.mainEmulator" time="12.366" errors="0" timestamp="2024-09-30T17:46:34 IST" skipped="0">
  <testcase classname="Appium.mainEmulator" name="step" time="12.366"/>
  <system-out/>
</testsuite> <!-- Appium.mainEmulator -->
