<?xml version="1.0" encoding="UTF-8"?>
<!-- Generated by org.testng.reporters.JUnitReportReporter -->
<testsuite hostname="ZIL948" failures="0" tests="1" name="Assignment.Demo1" time="3.247" errors="0" timestamp="2024-08-02T11:00:42 IST" skipped="0">
  <testcase classname="Assignment.Demo1" name="step2" time="3.247"/>
  <system-out/>
</testsuite> <!-- Assignment.Demo1 -->
