<?xml version="1.0" encoding="UTF-8"?>
<!-- Generated by org.testng.reporters.JUnitReportReporter -->
<testsuite hostname="ZIL948" failures="0" tests="3" name="Main.AmazonMain" time="9.260" errors="0" timestamp="2024-08-30T09:59:19 IST" skipped="0">
  <testcase classname="Main.AmazonMain" name="main2" time="2.835"/>
  <system-out/>
  <testcase classname="Main.AmazonMain" name="main1" time="4.803"/>
  <system-out/>
  <testcase classname="Main.AmazonMain" name="main3" time="1.622"/>
  <system-out/>
</testsuite> <!-- Main.AmazonMain -->
