<?xml version="1.0" encoding="UTF-8"?>
<!-- Generated by org.testng.reporters.JUnitReportReporter -->
<testsuite hostname="ZIL948" failures="0" tests="1" name="Assignment.interview" time="22.976" errors="0" timestamp="2024-08-01T22:48:49 IST" skipped="0">
  <testcase classname="Assignment.interview" name="test" time="22.976"/>
  <system-out/>
</testsuite> <!-- Assignment.interview -->
