<?xml version="1.0" encoding="UTF-8"?>
<!-- Generated by org.testng.reporters.JUnitReportReporter -->
<testsuite hostname="ZIL948" failures="0" tests="1" name="Main.JavaPracties" time="0.004" errors="0" timestamp="2024-08-26T11:51:24 IST" skipped="0">
  <testcase classname="Main.JavaPracties" name="test1" time="0.004"/>
  <system-out/>
</testsuite> <!-- Main.JavaPracties -->
