<?xml version="1.0" encoding="UTF-8"?>
<!-- Generated by org.testng.reporters.JUnitReportReporter -->
<testsuite hostname="ZIL948" failures="0" tests="3" name="TestNG.DataProviderTest" time="6.446" errors="0" timestamp="2024-08-02T15:40:35 IST" skipped="0">
  <testcase classname="TestNG.DataProviderTest" name="test1" time="2.651"/>
  <system-out/>
  <testcase classname="TestNG.DataProviderTest" name="test1" time="1.933"/>
  <system-out/>
  <testcase classname="TestNG.DataProviderTest" name="test1" time="1.862"/>
  <system-out/>
</testsuite> <!-- TestNG.DataProviderTest -->
