<?xml version="1.0" encoding="UTF-8"?>
<!-- Generated by org.testng.reporters.JUnitReportReporter -->
<testsuite hostname="ZIL948" failures="0" tests="3" name="TestNGRunner.GoogleTest" time="2.623" errors="0" timestamp="2024-08-02T13:59:26 IST" skipped="0">
  <testcase classname="TestNGRunner.GoogleTest" name="test3" time="0.140"/>
  <system-out/>
  <testcase classname="TestNGRunner.GoogleTest" name="test1" time="2.458"/>
  <system-out/>
  <testcase classname="TestNGRunner.GoogleTest" name="test2" time="0.025"/>
  <system-out/>
</testsuite> <!-- TestNGRunner.GoogleTest -->
