<?xml version="1.0" encoding="UTF-8"?>
<!-- Generated by org.testng.reporters.JUnitReportReporter -->
<testsuite hostname="ZIL948" failures="0" tests="2" name="TestNG.Annotations" time="0.004" errors="0" timestamp="2024-08-02T14:27:09 IST" skipped="0">
  <testcase classname="TestNG.Annotations" name="test1" time="0.003"/>
  <system-out/>
  <testcase classname="TestNG.Annotations" name="test2" time="0.001"/>
  <system-out/>
</testsuite> <!-- TestNG.Annotations -->
