<?xml version="1.0" encoding="UTF-8"?>
<!-- Generated by org.testng.reporters.JUnitReportReporter -->
<testsuite hostname="ZIL948" failures="0" tests="1" name="Pages.ZoomInZoomOut" time="8.535" errors="0" timestamp="2024-09-24T19:41:32 IST" skipped="0">
  <testcase classname="Pages.ZoomInZoomOut" name="f" time="8.535"/>
  <system-out/>
</testsuite> <!-- Pages.ZoomInZoomOut -->
