<?xml version="1.0" encoding="UTF-8"?>
<!-- Generated by org.testng.reporters.JUnitReportReporter -->
<testsuite hostname="ZIL948" failures="0" tests="1" name="Main.MakeMyTripMain" time="13.921" errors="0" timestamp="2024-08-29T18:07:16 IST" skipped="0">
  <testcase classname="Main.MakeMyTripMain" name="mmt" time="13.921"/>
  <system-out/>
</testsuite> <!-- Main.MakeMyTripMain -->
