<?xml version="1.0" encoding="UTF-8"?>
<!-- Generated by org.testng.reporters.JUnitReportReporter -->
<testsuite hostname="ZIL948" failures="0" tests="1" name="Main.Demo" time="4.487" errors="0" timestamp="2024-05-27T12:49:32 IST" skipped="0">
  <testcase classname="Main.Demo" name="step1" time="4.487"/>
  <system-out/>
</testsuite> <!-- Main.Demo -->
