<?xml version="1.0" encoding="UTF-8"?>
<!-- Generated by org.testng.reporters.JUnitReportReporter -->
<testsuite hostname="ZIL948" failures="0" tests="3" name="TestNG.GoogleTest" time="5.740" errors="0" timestamp="2024-08-02T16:15:00 IST" skipped="1">
  <testcase classname="TestNG.GoogleTest" name="test3" time="3.673"/>
  <system-out/>
  <testcase classname="TestNG.GoogleTest" name="test1" time="2.067"/>
  <system-out/>
  <testcase classname="TestNG.GoogleTest" name="test2">
    <skipped/>
  </testcase> <!-- test2 -->
  <system-out/>
</testsuite> <!-- TestNG.GoogleTest -->
