<?xml version="1.0" encoding="UTF-8"?>
<!-- Generated by org.testng.reporters.JUnitReportReporter -->
<testsuite hostname="ZIL948" failures="0" tests="10" name="TestNG.RunTest_N_times" time="0.010" errors="0" timestamp="2024-08-15T15:58:18 IST" skipped="0">
  <testcase classname="TestNG.RunTest_N_times" name="sum" time="0.002"/>
  <system-out/>
  <testcase classname="TestNG.RunTest_N_times" name="sum" time="0.000"/>
  <system-out/>
  <testcase classname="TestNG.RunTest_N_times" name="sum" time="0.005"/>
  <system-out/>
  <testcase classname="TestNG.RunTest_N_times" name="sum" time="0.001"/>
  <system-out/>
  <testcase classname="TestNG.RunTest_N_times" name="sum" time="0.000"/>
  <system-out/>
  <testcase classname="TestNG.RunTest_N_times" name="sum" time="0.000"/>
  <system-out/>
  <testcase classname="TestNG.RunTest_N_times" name="sum" time="0.001"/>
  <system-out/>
  <testcase classname="TestNG.RunTest_N_times" name="sum" time="0.001"/>
  <system-out/>
  <testcase classname="TestNG.RunTest_N_times" name="sum" time="0.000"/>
  <system-out/>
  <testcase classname="TestNG.RunTest_N_times" name="sum" time="0.000"/>
  <system-out/>
</testsuite> <!-- TestNG.RunTest_N_times -->
