<?xml version="1.0" encoding="UTF-8"?>
<!-- Generated by org.testng.reporters.JUnitReportReporter -->
<testsuite hostname="ZIL948" failures="0" tests="2" name="TestNGRunner.Annotations" time="0.005" errors="0" timestamp="2024-08-02T13:28:38 IST" skipped="0">
  <testcase classname="TestNGRunner.Annotations" name="test1" time="0.003"/>
  <system-out/>
  <testcase classname="TestNGRunner.Annotations" name="test2" time="0.002"/>
  <system-out/>
</testsuite> <!-- TestNGRunner.Annotations -->
