<?xml version="1.0" encoding="UTF-8"?>
<!-- Generated by org.testng.reporters.JUnitReportReporter -->
<testsuite hostname="ZIL948" failures="0" tests="1" name="Assignment.interview" time="5.229" errors="0" timestamp="2024-08-30T14:46:28 IST" skipped="0">
  <testcase classname="Assignment.interview" name="test" time="5.229"/>
  <system-out/>
</testsuite> <!-- Assignment.interview -->
