<?xml version="1.0" encoding="UTF-8"?>
<!-- Generated by org.testng.reporters.JUnitReportReporter -->
<testsuite hostname="ZIL948" failures="0" tests="1" name="TestNG.ParameterTest" time="3.647" errors="0" timestamp="2024-08-02T15:11:41 IST" skipped="0">
  <testcase classname="TestNG.ParameterTest" name="test1" time="3.647"/>
  <system-out/>
</testsuite> <!-- TestNG.ParameterTest -->
