<?xml version="1.0" encoding="UTF-8"?>
<!-- Generated by org.testng.reporters.JUnitReportReporter -->
<testsuite hostname="ZIL948" failures="0" tests="1" name="Assignment.interview" time="14.052" errors="0" timestamp="2024-12-24T12:23:22 IST" skipped="0">
  <testcase classname="Assignment.interview" name="test" time="14.052"/>
  <system-out/>
</testsuite> <!-- Assignment.interview -->
