<?xml version="1.0" encoding="UTF-8"?>
<!-- Generated by org.testng.reporters.JUnitReportReporter -->
<testsuite skipped="0" hostname="ZIL440" name="com.perficient.testCases.APITest" tests="2" failures="0" timestamp="2022-04-07T12:34:32 IST" time="3.828" errors="0">
  <testcase name="checkGetstatusCode" time="3.043" classname="com.perficient.testCases.APITest"/>
  <system-out/>
  <testcase name="checkPoststatusCode" time="0.785" classname="com.perficient.testCases.APITest"/>
  <system-out/>
</testsuite> <!-- com.perficient.testCases.APITest -->
