<?xml version="1.0" encoding="UTF-8"?>
<!-- Generated by org.testng.reporters.JUnitReportReporter -->
<testsuite hostname="ZIL633" failures="0" tests="1" name="com.perficient.testCases.ExcelReaderTest" time="2.571" errors="0" timestamp="2023-07-19T13:43:14 IST" skipped="0">
  <testcase classname="com.perficient.testCases.ExcelReaderTest" name="TC001" time="2.571"/>
</testsuite> <!-- com.perficient.testCases.ExcelReaderTest -->
